<?xml version="1.0" encoding="UTF-8"?>
<coverage generated="1655140772076" clover="3.2.0">
  <project timestamp="1655140772077" name="All files">
    <metrics statements="6" coveredstatements="0" conditionals="0" coveredconditionals="0" methods="2" coveredmethods="0" elements="8" coveredelements="0" complexity="0" loc="6" ncloc="6" packages="1" files="1" classes="1"/>
    <file name="signup.controller.ts" path="/home/demetrius/Desktop/clean-node-ts/src/presentation/controllers/signup.controller.ts">
      <metrics statements="6" coveredstatements="0" conditionals="0" coveredconditionals="0" methods="2" coveredmethods="0"/>
      <line num="5" count="0" type="stmt"/>
      <line num="6" count="0" type="stmt"/>
      <line num="7" count="0" type="stmt"/>
      <line num="8" count="0" type="stmt"/>
      <line num="15" count="0" type="stmt"/>
      <line num="16" count="0" type="stmt"/>
    </file>
  </project>
</coverage>
