{"/home/demetrius/Desktop/clean-node-ts/src/presentation/controllers/signup.controller.ts": {"path":"/home/demetrius/Desktop/clean-node-ts/src/presentation/controllers/signup.controller.ts","statementMap":{"0":{"start":{"line":5,"column":0},"end":{"line":18,"column":2}},"1":{"start":{"line":6,"column":2},"end":{"line":17,"column":4}},"2":{"start":{"line":7,"column":16},"end":{"line":7,"column":38}},"3":{"start":{"line":8,"column":24},"end":{"line":14,"column":5}},"4":{"start":{"line":15,"column":25},"end":{"line":15,"column":48}},"5":{"start":{"line":16,"column":4},"end":{"line":16,"column":45}}},"fnMap":{"0":{"name":"(anonymous_0)","decl":{"start":{"line":5,"column":30},"end":{"line":5,"column":31}},"loc":{"start":{"line":5,"column":36},"end":{"line":18,"column":1}},"line":5},"1":{"name":"(anonymous_1)","decl":{"start":{"line":6,"column":51},"end":{"line":6,"column":52}},"loc":{"start":{"line":6,"column":57},"end":{"line":17,"column":3}},"line":6}},"branchMap":{},"s":{"0":0,"1":0,"2":0,"3":0,"4":0,"5":0},"f":{"0":0,"1":0},"b":{},"inputSourceMap":null}
}
